<?xml version="1.0" encoding="UTF-8"?>
<!-- Generated by org.testng.reporters.JUnitReportReporter -->
<testsuite hostname="DESKTOP-CS2MBVI" name="TestClass" tests="1" failures="0" timestamp="19 Apr 2020 07:28:30 GMT" time="15.286" errors="0">
  <testcase name="testcase1" time="15.286" classname="TestClass"/>
</testsuite> <!-- TestClass -->
